<?xml version="1.0" encoding="UTF-8"?>
<robot generator="Robot 3.2.1 (Python 3.8.3 on win32)" generated="20200826 19:24:14.571" rpa="false">
<suite id="s1" name="Suites">
<suite id="s1-s1" name="Login2" source="C:\Users\SS372669\PycharmProjects\Customer_Portal\testcases\Login2.robot">
<test id="s1-s1-t1" name="Test1">
<kw name="Verify plan details of Ulip Policy">
<kw name="RNR" library="LoginKeywords">
<arguments>
<arg>Sheet1</arg>
</arguments>
<assign>
<var>${datarows}</var>
</assign>
<kw name="Fetch Number Of Rows" library="ReadData">
<arguments>
<arg>${Sheetname}</arg>
</arguments>
<assign>
<var>${maxr}</var>
</assign>
<msg timestamp="20200826 19:24:15.074" level="INFO">${maxr} = 86</msg>
<status status="PASS" starttime="20200826 19:24:15.073" endtime="20200826 19:24:15.074"></status>
</kw>
<msg timestamp="20200826 19:24:15.074" level="INFO">${datarows} = 86</msg>
<status status="PASS" starttime="20200826 19:24:15.073" endtime="20200826 19:24:15.074"></status>
</kw>
<kw name="RCD" library="LoginKeywords">
<arguments>
<arg>Sheet1</arg>
<arg>2</arg>
<arg>1</arg>
</arguments>
<assign>
<var>${cellvalue}</var>
</assign>
<kw name="Fetch Cell Data" library="ReadData">
<arguments>
<arg>${Sheetname}</arg>
<arg>${row}</arg>
<arg>${column}</arg>
</arguments>
<assign>
<var>${celldata}</var>
</assign>
<msg timestamp="20200826 19:24:15.074" level="INFO">http://10.157.17.27/</msg>
<msg timestamp="20200826 19:24:15.075" level="INFO">${celldata} = http://10.157.17.27/</msg>
<status status="PASS" starttime="20200826 19:24:15.074" endtime="20200826 19:24:15.075"></status>
</kw>
<msg timestamp="20200826 19:24:15.075" level="INFO">${cellvalue} = http://10.157.17.27/</msg>
<status status="PASS" starttime="20200826 19:24:15.074" endtime="20200826 19:24:15.075"></status>
</kw>
<kw name="${i} IN RANGE [ 2 | ${datarows}+1 ]" type="for">
<kw name="${i} = 2" type="foritem">
<kw name="RCD" library="LoginKeywords">
<arguments>
<arg>Sheet1</arg>
<arg>${i}</arg>
<arg>1</arg>
</arguments>
<assign>
<var>${SiteUrl}</var>
</assign>
<kw name="Fetch Cell Data" library="ReadData">
<arguments>
<arg>${Sheetname}</arg>
<arg>${row}</arg>
<arg>${column}</arg>
</arguments>
<assign>
<var>${celldata}</var>
</assign>
<msg timestamp="20200826 19:24:15.076" level="INFO">http://10.157.17.27/</msg>
<msg timestamp="20200826 19:24:15.076" level="INFO">${celldata} = http://10.157.17.27/</msg>
<status status="PASS" starttime="20200826 19:24:15.075" endtime="20200826 19:24:15.076"></status>
</kw>
<msg timestamp="20200826 19:24:15.076" level="INFO">${SiteUrl} = http://10.157.17.27/</msg>
<status status="PASS" starttime="20200826 19:24:15.075" endtime="20200826 19:24:15.076"></status>
</kw>
<kw name="RCD" library="LoginKeywords">
<arguments>
<arg>Sheet1</arg>
<arg>${i}</arg>
<arg>2</arg>
</arguments>
<assign>
<var>${Browser}</var>
</assign>
<kw name="Fetch Cell Data" library="ReadData">
<arguments>
<arg>${Sheetname}</arg>
<arg>${row}</arg>
<arg>${column}</arg>
</arguments>
<assign>
<var>${celldata}</var>
</assign>
<msg timestamp="20200826 19:24:15.076" level="INFO">chrome</msg>
<msg timestamp="20200826 19:24:15.077" level="INFO">${celldata} = chrome</msg>
<status status="PASS" starttime="20200826 19:24:15.076" endtime="20200826 19:24:15.077"></status>
</kw>
<msg timestamp="20200826 19:24:15.077" level="INFO">${Browser} = chrome</msg>
<status status="PASS" starttime="20200826 19:24:15.076" endtime="20200826 19:24:15.077"></status>
</kw>
<kw name="RCD" library="LoginKeywords">
<arguments>
<arg>Sheet1</arg>
<arg>${i}</arg>
<arg>3</arg>
</arguments>
<assign>
<var>${UserID}</var>
</assign>
<kw name="Fetch Cell Data" library="ReadData">
<arguments>
<arg>${Sheetname}</arg>
<arg>${row}</arg>
<arg>${column}</arg>
</arguments>
<assign>
<var>${celldata}</var>
</assign>
<msg timestamp="20200826 19:24:15.077" level="INFO">Demouser</msg>
<msg timestamp="20200826 19:24:15.077" level="INFO">${celldata} = Demouser</msg>
<status status="PASS" starttime="20200826 19:24:15.077" endtime="20200826 19:24:15.077"></status>
</kw>
<msg timestamp="20200826 19:24:15.078" level="INFO">${UserID} = Demouser</msg>
<status status="PASS" starttime="20200826 19:24:15.077" endtime="20200826 19:24:15.078"></status>
</kw>
<kw name="RCD" library="LoginKeywords">
<arguments>
<arg>Sheet1</arg>
<arg>${i}</arg>
<arg>4</arg>
</arguments>
<assign>
<var>${Password}</var>
</assign>
<kw name="Fetch Cell Data" library="ReadData">
<arguments>
<arg>${Sheetname}</arg>
<arg>${row}</arg>
<arg>${column}</arg>
</arguments>
<assign>
<var>${celldata}</var>
</assign>
<msg timestamp="20200826 19:24:15.078" level="INFO">pass@1234</msg>
<msg timestamp="20200826 19:24:15.078" level="INFO">${celldata} = pass@1234</msg>
<status status="PASS" starttime="20200826 19:24:15.078" endtime="20200826 19:24:15.078"></status>
</kw>
<msg timestamp="20200826 19:24:15.078" level="INFO">${Password} = pass@1234</msg>
<status status="PASS" starttime="20200826 19:24:15.078" endtime="20200826 19:24:15.078"></status>
</kw>
<kw name="Exit For Loop If" library="BuiltIn">
<doc>Stops executing the enclosing for loop if the ``condition`` is true.</doc>
<arguments>
<arg>${i}==3</arg>
</arguments>
<status status="PASS" starttime="20200826 19:24:15.079" endtime="20200826 19:24:15.079"></status>
</kw>
<kw name="Set Suite Variable" library="BuiltIn">
<doc>Makes a variable available everywhere within the scope of the current suite.</doc>
<arguments>
<arg>${SiteUrl}</arg>
</arguments>
<msg timestamp="20200826 19:24:15.079" level="INFO">${SiteUrl} = http://10.157.17.27/</msg>
<status status="PASS" starttime="20200826 19:24:15.079" endtime="20200826 19:24:15.079"></status>
</kw>
<kw name="Set Suite Variable" library="BuiltIn">
<doc>Makes a variable available everywhere within the scope of the current suite.</doc>
<arguments>
<arg>${Browser}</arg>
</arguments>
<msg timestamp="20200826 19:24:15.079" level="INFO">${Browser} = chrome</msg>
<status status="PASS" starttime="20200826 19:24:15.079" endtime="20200826 19:24:15.080"></status>
</kw>
<kw name="Set Suite Variable" library="BuiltIn">
<doc>Makes a variable available everywhere within the scope of the current suite.</doc>
<arguments>
<arg>${UserID}</arg>
</arguments>
<msg timestamp="20200826 19:24:15.080" level="INFO">${UserID} = Demouser</msg>
<status status="PASS" starttime="20200826 19:24:15.080" endtime="20200826 19:24:15.080"></status>
</kw>
<kw name="Set Suite Variable" library="BuiltIn">
<doc>Makes a variable available everywhere within the scope of the current suite.</doc>
<arguments>
<arg>${Password}</arg>
</arguments>
<msg timestamp="20200826 19:24:15.080" level="INFO">${Password} = pass@1234</msg>
<status status="PASS" starttime="20200826 19:24:15.080" endtime="20200826 19:24:15.080"></status>
</kw>
<kw name="Open My Browser" library="LoginKeywords">
<arguments>
<arg>${SiteUrl}</arg>
<arg>${Browser}</arg>
</arguments>
<kw name="Open Browser" library="SeleniumLibrary">
<doc>Opens a new browser instance to the optional ``url``.</doc>
<arguments>
<arg>${SiteUrl}</arg>
<arg>${Browser}</arg>
</arguments>
<msg timestamp="20200826 19:24:15.081" level="INFO">Opening browser 'chrome' to base url 'http://10.157.17.27/'.</msg>
<status status="PASS" starttime="20200826 19:24:15.081" endtime="20200826 19:24:24.809"></status>
</kw>
<kw name="Maximize Browser Window" library="SeleniumLibrary">
<doc>Maximizes current browser window.</doc>
<status status="PASS" starttime="20200826 19:24:24.809" endtime="20200826 19:24:24.928"></status>
</kw>
<status status="PASS" starttime="20200826 19:24:15.080" endtime="20200826 19:24:24.929"></status>
</kw>
<kw name="Set Selenium Speed" library="SeleniumLibrary">
<doc>Sets the delay that is waited after each Selenium command.</doc>
<arguments>
<arg>1seconds</arg>
</arguments>
<status status="PASS" starttime="20200826 19:24:24.929" endtime="20200826 19:24:24.930"></status>
</kw>
<kw name="Enter UserID" library="LoginKeywords">
<arguments>
<arg>${UserID}</arg>
</arguments>
<kw name="Input Text" library="SeleniumLibrary">
<doc>Types the given ``text`` into the text field identified by ``locator``.</doc>
<arguments>
<arg>${UserID_TextBox}</arg>
<arg>${UserID}</arg>
</arguments>
<msg timestamp="20200826 19:24:24.932" level="INFO">Typing text 'Demouser' into text field 'name:userId'.</msg>
<status status="PASS" starttime="20200826 19:24:24.931" endtime="20200826 19:24:28.036"></status>
</kw>
<status status="PASS" starttime="20200826 19:24:24.931" endtime="20200826 19:24:28.036"></status>
</kw>
<kw name="Scroll page till checkuserID" library="LoginKeywords">
<kw name="Scroll Element Into View" library="SeleniumLibrary">
<doc>Scrolls the element identified by ``locator`` into view.</doc>
<arguments>
<arg>${Scroll_Page_till_ChechuserID}</arg>
</arguments>
<status status="PASS" starttime="20200826 19:24:28.037" endtime="20200826 19:24:30.332"></status>
</kw>
<status status="PASS" starttime="20200826 19:24:28.036" endtime="20200826 19:24:30.333"></status>
</kw>
<kw name="Click CheckUserID" library="LoginKeywords">
<kw name="Click Button" library="SeleniumLibrary">
<doc>Clicks the button identified by ``locator``.</doc>
<arguments>
<arg>${CheckUserID_Button}</arg>
</arguments>
<msg timestamp="20200826 19:24:30.336" level="INFO">Clicking button 'xpath://button[contains(text(),'Check User ID')]'.</msg>
<status status="PASS" starttime="20200826 19:24:30.335" endtime="20200826 19:24:35.503"></status>
</kw>
<status status="PASS" starttime="20200826 19:24:30.334" endtime="20200826 19:24:35.504"></status>
</kw>
<kw name="Set Selenium Implicit Wait" library="SeleniumLibrary">
<doc>Sets the implicit wait value used by Selenium.</doc>
<arguments>
<arg>10seconds</arg>
</arguments>
<status status="PASS" starttime="20200826 19:24:35.505" endtime="20200826 19:24:36.509"></status>
</kw>
<kw name="Enter valid password" library="LoginKeywords">
<arguments>
<arg>${Password}</arg>
</arguments>
<kw name="Input Text" library="SeleniumLibrary">
<doc>Types the given ``text`` into the text field identified by ``locator``.</doc>
<arguments>
<arg>${Password_TextBox}</arg>
<arg>${Password}</arg>
</arguments>
<msg timestamp="20200826 19:24:36.513" level="INFO">Typing text 'pass@1234' into text field 'name:password'.</msg>
<status status="PASS" starttime="20200826 19:24:36.511" endtime="20200826 19:24:42.025"></status>
</kw>
<status status="PASS" starttime="20200826 19:24:36.510" endtime="20200826 19:24:42.026"></status>
</kw>
<kw name="Set Selenium Speed" library="SeleniumLibrary">
<doc>Sets the delay that is waited after each Selenium command.</doc>
<arguments>
<arg>1seconds</arg>
</arguments>
<status status="PASS" starttime="20200826 19:24:42.026" endtime="20200826 19:24:42.027"></status>
</kw>
<kw name="Click Submit" library="LoginKeywords">
<kw name="Click Button" library="SeleniumLibrary">
<doc>Clicks the button identified by ``locator``.</doc>
<arguments>
<arg>${Submit_Button}</arg>
</arguments>
<msg timestamp="20200826 19:24:42.029" level="INFO">Clicking button 'xpath://button[contains(text(),'Submit')]'.</msg>
<status status="PASS" starttime="20200826 19:24:42.028" endtime="20200826 19:24:47.156"></status>
</kw>
<status status="PASS" starttime="20200826 19:24:42.027" endtime="20200826 19:24:47.156"></status>
</kw>
<kw name="Set Selenium Implicit Wait" library="SeleniumLibrary">
<doc>Sets the implicit wait value used by Selenium.</doc>
<arguments>
<arg>25seconds</arg>
</arguments>
<status status="PASS" starttime="20200826 19:24:47.157" endtime="20200826 19:24:48.159"></status>
</kw>
<kw name="Verify whatsapp PopUp" library="LoginKeywords">
<kw name="Get Text" library="SeleniumLibrary">
<doc>Returns the text value of the element identified by ``locator``.</doc>
<arguments>
<arg>${WhatsApp_Text}</arg>
</arguments>
<assign>
<var>${text}</var>
</assign>
<msg timestamp="20200826 19:24:50.218" level="INFO">${text} = WhatsApp Opt-in</msg>
<status status="PASS" starttime="20200826 19:24:48.160" endtime="20200826 19:24:50.218"></status>
</kw>
<kw name="Run Keyword If" library="BuiltIn">
<doc>Runs the given keyword with the given arguments, if ``condition`` is true.</doc>
<arguments>
<arg>"${text}"=="WhatsApp Opt-in"</arg>
<arg>Click popUp cross icon</arg>
<arg>ELSE</arg>
<arg>Verify Dashboard</arg>
</arguments>
<kw name="Click popUp cross icon" library="LoginKeywords">
<kw name="Click Element" library="SeleniumLibrary">
<doc>Click the element identified by ``locator``.</doc>
<arguments>
<arg>${PopUp_SkipLink}</arg>
</arguments>
<msg timestamp="20200826 19:24:50.219" level="INFO">Clicking element '//button[@class='btn btn-link']'.</msg>
<status status="PASS" starttime="20200826 19:24:50.219" endtime="20200826 19:24:52.323"></status>
</kw>
<status status="PASS" starttime="20200826 19:24:50.218" endtime="20200826 19:24:52.324"></status>
</kw>
<status status="PASS" starttime="20200826 19:24:50.218" endtime="20200826 19:24:52.324"></status>
</kw>
<status status="PASS" starttime="20200826 19:24:48.159" endtime="20200826 19:24:52.324"></status>
</kw>
<kw name="Close My Browsers" library="LoginKeywords">
<kw name="Close All Browsers" library="SeleniumLibrary">
<doc>Closes all open browsers and resets the browser cache.</doc>
<status status="PASS" starttime="20200826 19:24:52.326" endtime="20200826 19:24:55.552"></status>
</kw>
<status status="PASS" starttime="20200826 19:24:52.325" endtime="20200826 19:24:55.552"></status>
</kw>
<status status="PASS" starttime="20200826 19:24:15.075" endtime="20200826 19:24:55.552"></status>
</kw>
<kw name="${i} = 3" type="foritem">
<kw name="RCD" library="LoginKeywords">
<arguments>
<arg>Sheet1</arg>
<arg>${i}</arg>
<arg>1</arg>
</arguments>
<assign>
<var>${SiteUrl}</var>
</assign>
<kw name="Fetch Cell Data" library="ReadData">
<arguments>
<arg>${Sheetname}</arg>
<arg>${row}</arg>
<arg>${column}</arg>
</arguments>
<assign>
<var>${celldata}</var>
</assign>
<msg timestamp="20200826 19:24:55.557" level="INFO">http://10.157.17.27/</msg>
<msg timestamp="20200826 19:24:55.557" level="INFO">${celldata} = http://10.157.17.27/</msg>
<status status="PASS" starttime="20200826 19:24:55.555" endtime="20200826 19:24:55.557"></status>
</kw>
<msg timestamp="20200826 19:24:55.558" level="INFO">${SiteUrl} = http://10.157.17.27/</msg>
<status status="PASS" starttime="20200826 19:24:55.554" endtime="20200826 19:24:55.558"></status>
</kw>
<kw name="RCD" library="LoginKeywords">
<arguments>
<arg>Sheet1</arg>
<arg>${i}</arg>
<arg>2</arg>
</arguments>
<assign>
<var>${Browser}</var>
</assign>
<kw name="Fetch Cell Data" library="ReadData">
<arguments>
<arg>${Sheetname}</arg>
<arg>${row}</arg>
<arg>${column}</arg>
</arguments>
<assign>
<var>${celldata}</var>
</assign>
<msg timestamp="20200826 19:24:55.561" level="INFO">chrome</msg>
<msg timestamp="20200826 19:24:55.562" level="INFO">${celldata} = chrome</msg>
<status status="PASS" starttime="20200826 19:24:55.560" endtime="20200826 19:24:55.562"></status>
</kw>
<msg timestamp="20200826 19:24:55.562" level="INFO">${Browser} = chrome</msg>
<status status="PASS" starttime="20200826 19:24:55.558" endtime="20200826 19:24:55.563"></status>
</kw>
<kw name="RCD" library="LoginKeywords">
<arguments>
<arg>Sheet1</arg>
<arg>${i}</arg>
<arg>3</arg>
</arguments>
<assign>
<var>${UserID}</var>
</assign>
<kw name="Fetch Cell Data" library="ReadData">
<arguments>
<arg>${Sheetname}</arg>
<arg>${row}</arg>
<arg>${column}</arg>
</arguments>
<assign>
<var>${celldata}</var>
</assign>
<msg timestamp="20200826 19:24:55.566" level="INFO">uatdemo1</msg>
<msg timestamp="20200826 19:24:55.566" level="INFO">${celldata} = uatdemo1</msg>
<status status="PASS" starttime="20200826 19:24:55.565" endtime="20200826 19:24:55.566"></status>
</kw>
<msg timestamp="20200826 19:24:55.567" level="INFO">${UserID} = uatdemo1</msg>
<status status="PASS" starttime="20200826 19:24:55.563" endtime="20200826 19:24:55.567"></status>
</kw>
<kw name="RCD" library="LoginKeywords">
<arguments>
<arg>Sheet1</arg>
<arg>${i}</arg>
<arg>4</arg>
</arguments>
<assign>
<var>${Password}</var>
</assign>
<kw name="Fetch Cell Data" library="ReadData">
<arguments>
<arg>${Sheetname}</arg>
<arg>${row}</arg>
<arg>${column}</arg>
</arguments>
<assign>
<var>${celldata}</var>
</assign>
<msg timestamp="20200826 19:24:55.571" level="INFO">pass@1234</msg>
<msg timestamp="20200826 19:24:55.572" level="INFO">${celldata} = pass@1234</msg>
<status status="PASS" starttime="20200826 19:24:55.569" endtime="20200826 19:24:55.572"></status>
</kw>
<msg timestamp="20200826 19:24:55.573" level="INFO">${Password} = pass@1234</msg>
<status status="PASS" starttime="20200826 19:24:55.567" endtime="20200826 19:24:55.573"></status>
</kw>
<kw name="Exit For Loop If" library="BuiltIn">
<doc>Stops executing the enclosing for loop if the ``condition`` is true.</doc>
<arguments>
<arg>${i}==3</arg>
</arguments>
<msg timestamp="20200826 19:24:55.574" level="INFO">Exiting for loop altogether.</msg>
<status status="PASS" starttime="20200826 19:24:55.573" endtime="20200826 19:24:55.574"></status>
</kw>
<status status="PASS" starttime="20200826 19:24:55.553" endtime="20200826 19:24:55.575"></status>
</kw>
<status status="PASS" starttime="20200826 19:24:15.075" endtime="20200826 19:24:55.575"></status>
</kw>
<status status="PASS" starttime="20200826 19:24:15.073" endtime="20200826 19:24:55.575"></status>
</kw>
<status status="PASS" starttime="20200826 19:24:15.072" endtime="20200826 19:24:55.576" critical="yes"></status>
</test>
<status status="PASS" starttime="20200826 19:24:14.593" endtime="20200826 19:24:55.578"></status>
</suite>
<status status="PASS" starttime="20200826 19:24:14.572" endtime="20200826 19:24:55.584"></status>
</suite>
<statistics>
<total>
<stat pass="1" fail="0">Critical Tests</stat>
<stat pass="1" fail="0">All Tests</stat>
</total>
<tag>
</tag>
<suite>
<stat pass="1" fail="0" id="s1" name="Suites">Suites</stat>
<stat pass="1" fail="0" id="s1-s1" name="Login2">Suites.Login2</stat>
</suite>
</statistics>
<errors>
</errors>
</robot>
